<?xml version="1.0" encoding="UTF-8"?>
<!-- Generated by org.testng.reporters.JUnitReportReporter -->
<testsuite hostname="DESKTOP-JU827HG" name="MyMavenProject.MavenProjectPractice.GcrLogin" tests="1" failures="0" timestamp="11 Feb 2018 08:26:32 GMT" time="11.452" errors="0">
  <testcase name="loginGCR" time="11.452" classname="MyMavenProject.MavenProjectPractice.GcrLogin"/>
</testsuite> <!-- MyMavenProject.MavenProjectPractice.GcrLogin -->
