<?xml version="1.0" encoding="UTF-8"?>
<!-- Generated by org.testng.reporters.JUnitReportReporter -->
<testsuite hostname="DESKTOP-JU827HG" name="MyMavenProject.MavenProjectPractice.GcrLogin" tests="1" failures="0" timestamp="10 Feb 2018 16:33:07 GMT" time="10.953" errors="0">
  <testcase name="loginGCR" time="10.953" classname="MyMavenProject.MavenProjectPractice.GcrLogin"/>
</testsuite> <!-- MyMavenProject.MavenProjectPractice.GcrLogin -->
